<?xml version="1.0" encoding="UTF-8"?>
<testsuites>
    <testsuite name="force.apex" timestamp="2020-07-09T13:12:13-05:00" hostname="https://dmstracker--emdev2.my.salesforce.com" tests="1" failures="1"  errors="0"  time="0.06">
        <properties>
            <property name="outcome" value="Failed"/>
            <property name="testsRan" value="1"/>
            <property name="passing" value="0"/>
            <property name="failing" value="1"/>
            <property name="skipped" value="0"/>
            <property name="passRate" value="0%"/>
            <property name="failRate" value="100%"/>
            <property name="testStartTime" value="Jul 9, 2020 1:12 PM"/>
            <property name="testExecutionTime" value="0.06 s"/>
            <property name="testTotalTime" value="0.06 s"/>
            <property name="commandTime" value="7.95 s"/>
            <property name="hostname" value="https://dmstracker--emdev2.my.salesforce.com"/>
            <property name="orgId" value="00D17000000E6NzEAK"/>
            <property name="username" value="emmanuel.martinez@tengo.co.dms.emdev2"/>
            <property name="testRunId" value="7071700002Aribp"/>
            <property name="userId" value="005170000059QVKAA2"/>
        </properties>
        <testcase name="testGetCommunityUsersReportId" classname="SetContactAsCommunityUserControllerTest" time="0.06">
            <failure message="System.QueryException: List has no rows for assignment to SObject"><![CDATA[Class.SetContactAsCommunityUserController.getCommunityUsersReportId: line 81, column 1
Class.SetContactAsCommunityUserControllerTest.testGetCommunityUsersReportId: line 108, column 1]]></failure>
        </testcase>
    </testsuite>
</testsuites>
